{"D:\\Projects\\homework\\shop-app\\src\\hooks.ts": {"path":"D:\\Projects\\homework\\shop-app\\src\\hooks.ts","statementMap":{"0":{"start":{"line":7,"column":30},"end":{"line":7,"column":null}},"1":{"start":{"line":8,"column":30},"end":{"line":8,"column":null}}},"fnMap":{},"branchMap":{},"s":{"0":5,"1":5},"f":{},"b":{},"meta":{"lastBranch":0,"lastFunction":0,"lastStatement":2,"seen":{"s:7:30:7:Infinity":0,"s:8:30:8:Infinity":1},"fnNames":{}}}
,"D:\\Projects\\homework\\shop-app\\src\\test-utils.tsx": {"path":"D:\\Projects\\homework\\shop-app\\src\\test-utils.tsx","statementMap":{"0":{"start":{"line":13,"column":8},"end":{"line":15,"column":null}},"1":{"start":{"line":17,"column":2},"end":{"line":24,"column":null}}},"fnMap":{"0":{"name":"renderWithProviders","decl":{"start":{"line":12,"column":16},"end":{"line":12,"column":36}},"loc":{"start":{"line":12,"column":67},"end":{"line":25,"column":null}},"line":12}},"branchMap":{"0":{"loc":{"start":{"line":12,"column":54},"end":{"line":12,"column":67}},"type":"default-arg","locations":[{"start":{"line":12,"column":62},"end":{"line":12,"column":67}}],"line":12}},"s":{"0":11,"1":11},"f":{"0":11},"b":{"0":[11]},"meta":{"lastBranch":1,"lastFunction":1,"lastStatement":2,"seen":{"f:12:16:12:36":0,"b:12:62:12:67":0,"s:13:8:15:Infinity":0,"s:17:2:24:Infinity":1},"fnNames":{}}}
,"D:\\Projects\\homework\\shop-app\\src\\components\\CategoryFilter .tsx": {"path":"D:\\Projects\\homework\\shop-app\\src\\components\\CategoryFilter .tsx","statementMap":{"0":{"start":{"line":5,"column":19},"end":{"line":5,"column":null}},"1":{"start":{"line":7,"column":13},"end":{"line":30,"column":null}},"2":{"start":{"line":8,"column":8},"end":{"line":8,"column":null}},"3":{"start":{"line":9,"column":8},"end":{"line":9,"column":null}},"4":{"start":{"line":9,"column":45},"end":{"line":9,"column":70}},"5":{"start":{"line":11,"column":2},"end":{"line":28,"column":null}},"6":{"start":{"line":14,"column":23},"end":{"line":14,"column":null}},"7":{"start":{"line":20,"column":8},"end":{"line":26,"column":null}},"8":{"start":{"line":22,"column":25},"end":{"line":22,"column":null}}},"fnMap":{"0":{"name":"(anonymous_0)","decl":{"start":{"line":7,"column":13},"end":{"line":7,"column":36}},"loc":{"start":{"line":7,"column":36},"end":{"line":30,"column":null}},"line":7},"1":{"name":"(anonymous_1)","decl":{"start":{"line":9,"column":19},"end":{"line":9,"column":35}},"loc":{"start":{"line":9,"column":45},"end":{"line":9,"column":70}},"line":9},"2":{"name":"(anonymous_2)","decl":{"start":{"line":14,"column":8},"end":{"line":14,"column":23}},"loc":{"start":{"line":14,"column":23},"end":{"line":14,"column":null}},"line":14},"3":{"name":"(anonymous_3)","decl":{"start":{"line":19,"column":18},"end":{"line":19,"column":23}},"loc":{"start":{"line":20,"column":8},"end":{"line":26,"column":null}},"line":20},"4":{"name":"(anonymous_4)","decl":{"start":{"line":22,"column":10},"end":{"line":22,"column":25}},"loc":{"start":{"line":22,"column":25},"end":{"line":22,"column":null}},"line":22}},"branchMap":{"0":{"loc":{"start":{"line":15,"column":29},"end":{"line":15,"column":67}},"type":"cond-expr","locations":[{"start":{"line":15,"column":49},"end":{"line":15,"column":58}},{"start":{"line":15,"column":58},"end":{"line":15,"column":67}}],"line":15},"1":{"loc":{"start":{"line":23,"column":31},"end":{"line":23,"column":68}},"type":"cond-expr","locations":[{"start":{"line":23,"column":50},"end":{"line":23,"column":59}},{"start":{"line":23,"column":59},"end":{"line":23,"column":68}}],"line":23}},"s":{"0":2,"1":2,"2":6,"3":6,"4":12,"5":6,"6":0,"7":24,"8":1},"f":{"0":6,"1":12,"2":0,"3":24,"4":1},"b":{"0":[5,1],"1":[1,23]},"meta":{"lastBranch":2,"lastFunction":5,"lastStatement":9,"seen":{"s:5:19:5:Infinity":0,"s:7:13:30:Infinity":1,"f:7:13:7:36":0,"s:8:8:8:Infinity":2,"s:9:8:9:Infinity":3,"f:9:19:9:35":1,"s:9:45:9:70":4,"s:11:2:28:Infinity":5,"f:14:8:14:23":2,"s:14:23:14:Infinity":6,"b:15:49:15:58:15:58:15:67":0,"f:19:18:19:23":3,"s:20:8:26:Infinity":7,"f:22:10:22:25":4,"s:22:25:22:Infinity":8,"b:23:50:23:59:23:59:23:68":1},"fnNames":{}}}
,"D:\\Projects\\homework\\shop-app\\src\\components\\ProductCard.tsx": {"path":"D:\\Projects\\homework\\shop-app\\src\\components\\ProductCard.tsx","statementMap":{"0":{"start":{"line":15,"column":13},"end":{"line":31,"column":null}},"1":{"start":{"line":16,"column":8},"end":{"line":16,"column":null}},"2":{"start":{"line":18,"column":2},"end":{"line":29,"column":null}},"3":{"start":{"line":26,"column":29},"end":{"line":26,"column":59}}},"fnMap":{"0":{"name":"(anonymous_0)","decl":{"start":{"line":15,"column":13},"end":{"line":15,"column":28}},"loc":{"start":{"line":15,"column":51},"end":{"line":31,"column":null}},"line":15},"1":{"name":"(anonymous_1)","decl":{"start":{"line":26,"column":14},"end":{"line":26,"column":29}},"loc":{"start":{"line":26,"column":29},"end":{"line":26,"column":59}},"line":26}},"branchMap":{},"s":{"0":2,"1":3,"2":3,"3":1},"f":{"0":3,"1":1},"b":{},"meta":{"lastBranch":0,"lastFunction":2,"lastStatement":4,"seen":{"s:15:13:31:Infinity":0,"f:15:13:15:28":0,"s:16:8:16:Infinity":1,"s:18:2:29:Infinity":2,"f:26:14:26:29":1,"s:26:29:26:59":3},"fnNames":{}}}
,"D:\\Projects\\homework\\shop-app\\src\\hooks\\useDebounce.ts": {"path":"D:\\Projects\\homework\\shop-app\\src\\hooks\\useDebounce.ts","statementMap":{"0":{"start":{"line":5,"column":20},"end":{"line":5,"column":null}},"1":{"start":{"line":7,"column":2},"end":{"line":14,"column":null}},"2":{"start":{"line":9,"column":15},"end":{"line":9,"column":null}},"3":{"start":{"line":9,"column":32},"end":{"line":9,"column":53}},"4":{"start":{"line":13,"column":4},"end":{"line":13,"column":null}},"5":{"start":{"line":13,"column":17},"end":{"line":13,"column":null}},"6":{"start":{"line":16,"column":2},"end":{"line":16,"column":null}}},"fnMap":{"0":{"name":"useDebounce","decl":{"start":{"line":4,"column":16},"end":{"line":4,"column":28}},"loc":{"start":{"line":4,"column":56},"end":{"line":17,"column":null}},"line":4},"1":{"name":"(anonymous_1)","decl":{"start":{"line":7,"column":2},"end":{"line":7,"column":18}},"loc":{"start":{"line":7,"column":18},"end":{"line":14,"column":5}},"line":7},"2":{"name":"(anonymous_2)","decl":{"start":{"line":9,"column":15},"end":{"line":9,"column":32}},"loc":{"start":{"line":9,"column":32},"end":{"line":9,"column":53}},"line":9},"3":{"name":"(anonymous_3)","decl":{"start":{"line":13,"column":4},"end":{"line":13,"column":17}},"loc":{"start":{"line":13,"column":17},"end":{"line":13,"column":null}},"line":13}},"branchMap":{"0":{"loc":{"start":{"line":4,"column":43},"end":{"line":4,"column":56}},"type":"default-arg","locations":[{"start":{"line":4,"column":51},"end":{"line":4,"column":56}}],"line":4}},"s":{"0":6,"1":6,"2":2,"3":0,"4":2,"5":2,"6":6},"f":{"0":6,"1":2,"2":0,"3":2},"b":{"0":[6]},"meta":{"lastBranch":1,"lastFunction":4,"lastStatement":7,"seen":{"f:4:16:4:28":0,"b:4:51:4:56":0,"s:5:20:5:Infinity":0,"s:7:2:14:Infinity":1,"f:7:2:7:18":1,"s:9:15:9:Infinity":2,"f:9:15:9:32":2,"s:9:32:9:53":3,"s:13:4:13:Infinity":4,"f:13:4:13:17":3,"s:13:17:13:Infinity":5,"s:16:2:16:Infinity":6},"fnNames":{}}}
,"D:\\Projects\\homework\\shop-app\\src\\hooks\\useFetch.ts": {"path":"D:\\Projects\\homework\\shop-app\\src\\hooks\\useFetch.ts","statementMap":{"0":{"start":{"line":5,"column":15},"end":{"line":5,"column":null}},"1":{"start":{"line":6,"column":18},"end":{"line":6,"column":null}},"2":{"start":{"line":7,"column":16},"end":{"line":7,"column":null}},"3":{"start":{"line":9,"column":2},"end":{"line":21,"column":null}},"4":{"start":{"line":10,"column":4},"end":{"line":10,"column":null}},"5":{"start":{"line":11,"column":4},"end":{"line":11,"column":null}},"6":{"start":{"line":13,"column":4},"end":{"line":20,"column":null}},"7":{"start":{"line":15,"column":8},"end":{"line":15,"column":null}},"8":{"start":{"line":15,"column":21},"end":{"line":15,"column":null}},"9":{"start":{"line":16,"column":8},"end":{"line":16,"column":null}},"10":{"start":{"line":18,"column":22},"end":{"line":18,"column":35}},"11":{"start":{"line":19,"column":20},"end":{"line":19,"column":39}},"12":{"start":{"line":20,"column":21},"end":{"line":20,"column":38}},"13":{"start":{"line":23,"column":2},"end":{"line":23,"column":null}}},"fnMap":{"0":{"name":"useFetch","decl":{"start":{"line":4,"column":16},"end":{"line":4,"column":25}},"loc":{"start":{"line":4,"column":38},"end":{"line":24,"column":null}},"line":4},"1":{"name":"(anonymous_1)","decl":{"start":{"line":9,"column":2},"end":{"line":9,"column":18}},"loc":{"start":{"line":9,"column":18},"end":{"line":21,"column":5}},"line":9},"2":{"name":"(anonymous_2)","decl":{"start":{"line":14,"column":7},"end":{"line":14,"column":13}},"loc":{"start":{"line":14,"column":21},"end":{"line":17,"column":7}},"line":14},"3":{"name":"(anonymous_3)","decl":{"start":{"line":18,"column":7},"end":{"line":18,"column":13}},"loc":{"start":{"line":18,"column":22},"end":{"line":18,"column":35}},"line":18},"4":{"name":"(anonymous_4)","decl":{"start":{"line":19,"column":7},"end":{"line":19,"column":14}},"loc":{"start":{"line":19,"column":20},"end":{"line":19,"column":39}},"line":19},"5":{"name":"(anonymous_5)","decl":{"start":{"line":20,"column":7},"end":{"line":20,"column":21}},"loc":{"start":{"line":20,"column":21},"end":{"line":20,"column":38}},"line":20}},"branchMap":{"0":{"loc":{"start":{"line":15,"column":8},"end":{"line":15,"column":null}},"type":"if","locations":[{"start":{"line":15,"column":8},"end":{"line":15,"column":null}},{"start":{},"end":{}}],"line":15}},"s":{"0":14,"1":14,"2":14,"3":14,"4":5,"5":5,"6":5,"7":4,"8":2,"9":2,"10":2,"11":2,"12":4,"13":14},"f":{"0":14,"1":5,"2":4,"3":2,"4":2,"5":4},"b":{"0":[2,2]},"meta":{"lastBranch":1,"lastFunction":6,"lastStatement":14,"seen":{"f:4:16:4:25":0,"s:5:15:5:Infinity":0,"s:6:18:6:Infinity":1,"s:7:16:7:Infinity":2,"s:9:2:21:Infinity":3,"f:9:2:9:18":1,"s:10:4:10:Infinity":4,"s:11:4:11:Infinity":5,"s:13:4:20:Infinity":6,"f:14:7:14:13":2,"b:15:8:15:Infinity:undefined:undefined:undefined:undefined":0,"s:15:8:15:Infinity":7,"s:15:21:15:Infinity":8,"s:16:8:16:Infinity":9,"f:18:7:18:13":3,"s:18:22:18:35":10,"f:19:7:19:14":4,"s:19:20:19:39":11,"f:20:7:20:21":5,"s:20:21:20:38":12,"s:23:2:23:Infinity":13},"fnNames":{}}}
,"D:\\Projects\\homework\\shop-app\\src\\pages\\CartPage.tsx": {"path":"D:\\Projects\\homework\\shop-app\\src\\pages\\CartPage.tsx","statementMap":{"0":{"start":{"line":5,"column":13},"end":{"line":31,"column":null}},"1":{"start":{"line":6,"column":8},"end":{"line":6,"column":null}},"2":{"start":{"line":7,"column":8},"end":{"line":7,"column":null}},"3":{"start":{"line":7,"column":42},"end":{"line":7,"column":58}},"4":{"start":{"line":10,"column":16},"end":{"line":10,"column":null}},"5":{"start":{"line":10,"column":44},"end":{"line":10,"column":78}},"6":{"start":{"line":12,"column":2},"end":{"line":14,"column":null}},"7":{"start":{"line":13,"column":4},"end":{"line":13,"column":null}},"8":{"start":{"line":16,"column":2},"end":{"line":29,"column":null}},"9":{"start":{"line":20,"column":8},"end":{"line":26,"column":null}},"10":{"start":{"line":23,"column":33},"end":{"line":23,"column":68}}},"fnMap":{"0":{"name":"(anonymous_0)","decl":{"start":{"line":5,"column":13},"end":{"line":5,"column":30}},"loc":{"start":{"line":5,"column":30},"end":{"line":31,"column":null}},"line":5},"1":{"name":"(anonymous_1)","decl":{"start":{"line":7,"column":16},"end":{"line":7,"column":32}},"loc":{"start":{"line":7,"column":42},"end":{"line":7,"column":58}},"line":7},"2":{"name":"(anonymous_2)","decl":{"start":{"line":10,"column":22},"end":{"line":10,"column":30}},"loc":{"start":{"line":10,"column":44},"end":{"line":10,"column":78}},"line":10},"3":{"name":"(anonymous_3)","decl":{"start":{"line":19,"column":13},"end":{"line":19,"column":18}},"loc":{"start":{"line":20,"column":8},"end":{"line":26,"column":null}},"line":20},"4":{"name":"(anonymous_4)","decl":{"start":{"line":23,"column":18},"end":{"line":23,"column":33}},"loc":{"start":{"line":23,"column":33},"end":{"line":23,"column":68}},"line":23}},"branchMap":{"0":{"loc":{"start":{"line":12,"column":2},"end":{"line":14,"column":null}},"type":"if","locations":[{"start":{"line":12,"column":2},"end":{"line":14,"column":null}},{"start":{},"end":{}}],"line":12}},"s":{"0":1,"1":4,"2":4,"3":8,"4":4,"5":1,"6":4,"7":3,"8":1,"9":1,"10":1},"f":{"0":4,"1":8,"2":1,"3":1,"4":1},"b":{"0":[3,1]},"meta":{"lastBranch":1,"lastFunction":5,"lastStatement":11,"seen":{"s:5:13:31:Infinity":0,"f:5:13:5:30":0,"s:6:8:6:Infinity":1,"s:7:8:7:Infinity":2,"f:7:16:7:32":1,"s:7:42:7:58":3,"s:10:16:10:Infinity":4,"f:10:22:10:30":2,"s:10:44:10:78":5,"b:12:2:14:Infinity:undefined:undefined:undefined:undefined":0,"s:12:2:14:Infinity":6,"s:13:4:13:Infinity":7,"s:16:2:29:Infinity":8,"f:19:13:19:18":3,"s:20:8:26:Infinity":9,"f:23:18:23:33":4,"s:23:33:23:68":10},"fnNames":{}}}
,"D:\\Projects\\homework\\shop-app\\src\\pages\\CatalogPage.tsx": {"path":"D:\\Projects\\homework\\shop-app\\src\\pages\\CatalogPage.tsx","statementMap":{"0":{"start":{"line":11,"column":35},"end":{"line":11,"column":null}},"1":{"start":{"line":13,"column":2},"end":{"line":13,"column":null}},"2":{"start":{"line":16,"column":17},"end":{"line":16,"column":null}},"3":{"start":{"line":17,"column":8},"end":{"line":17,"column":null}},"4":{"start":{"line":20,"column":8},"end":{"line":20,"column":null}},"5":{"start":{"line":20,"column":53},"end":{"line":20,"column":78}},"6":{"start":{"line":23,"column":8},"end":{"line":25,"column":null}},"7":{"start":{"line":24,"column":24},"end":{"line":24,"column":81}},"8":{"start":{"line":25,"column":24},"end":{"line":25,"column":85}},"9":{"start":{"line":27,"column":2},"end":{"line":27,"column":null}},"10":{"start":{"line":27,"column":15},"end":{"line":27,"column":null}},"11":{"start":{"line":28,"column":2},"end":{"line":28,"column":null}},"12":{"start":{"line":28,"column":13},"end":{"line":28,"column":null}},"13":{"start":{"line":30,"column":2},"end":{"line":43,"column":null}},"14":{"start":{"line":35,"column":25},"end":{"line":35,"column":null}},"15":{"start":{"line":41,"column":8},"end":{"line":41,"column":null}}},"fnMap":{"0":{"name":"CatalogPage","decl":{"start":{"line":9,"column":24},"end":{"line":9,"column":38}},"loc":{"start":{"line":9,"column":38},"end":{"line":45,"column":null}},"line":9},"1":{"name":"(anonymous_1)","decl":{"start":{"line":20,"column":27},"end":{"line":20,"column":43}},"loc":{"start":{"line":20,"column":53},"end":{"line":20,"column":78}},"line":20},"2":{"name":"(anonymous_2)","decl":{"start":{"line":24,"column":5},"end":{"line":24,"column":13}},"loc":{"start":{"line":24,"column":24},"end":{"line":24,"column":81}},"line":24},"3":{"name":"(anonymous_3)","decl":{"start":{"line":25,"column":5},"end":{"line":25,"column":13}},"loc":{"start":{"line":25,"column":24},"end":{"line":25,"column":85}},"line":25},"4":{"name":"(anonymous_4)","decl":{"start":{"line":35,"column":8},"end":{"line":35,"column":19}},"loc":{"start":{"line":35,"column":25},"end":{"line":35,"column":null}},"line":35},"5":{"name":"(anonymous_5)","decl":{"start":{"line":40,"column":16},"end":{"line":40,"column":21}},"loc":{"start":{"line":41,"column":8},"end":{"line":41,"column":null}},"line":41}},"branchMap":{"0":{"loc":{"start":{"line":23,"column":20},"end":{"line":23,"column":null}},"type":"binary-expr","locations":[{"start":{"line":23,"column":20},"end":{"line":23,"column":32}},{"start":{"line":23,"column":32},"end":{"line":23,"column":null}}],"line":23},"1":{"loc":{"start":{"line":24,"column":24},"end":{"line":24,"column":81}},"type":"cond-expr","locations":[{"start":{"line":24,"column":43},"end":{"line":24,"column":77}},{"start":{"line":24,"column":77},"end":{"line":24,"column":81}}],"line":24},"2":{"loc":{"start":{"line":27,"column":2},"end":{"line":27,"column":null}},"type":"if","locations":[{"start":{"line":27,"column":2},"end":{"line":27,"column":null}},{"start":{},"end":{}}],"line":27},"3":{"loc":{"start":{"line":28,"column":2},"end":{"line":28,"column":null}},"type":"if","locations":[{"start":{"line":28,"column":2},"end":{"line":28,"column":null}},{"start":{},"end":{}}],"line":28}},"s":{"0":6,"1":6,"2":6,"3":6,"4":6,"5":8,"6":6,"7":1,"8":1,"9":6,"10":2,"11":4,"12":4,"13":3,"14":0,"15":1},"f":{"0":6,"1":8,"2":1,"3":1,"4":0,"5":1},"b":{"0":[6,5],"1":[0,1],"2":[2,4],"3":[1,3]},"meta":{"lastBranch":4,"lastFunction":6,"lastStatement":16,"seen":{"f:9:24:9:38":0,"s:11:35:11:Infinity":0,"s:13:2:13:Infinity":1,"s:16:17:16:Infinity":2,"s:17:8:17:Infinity":3,"s:20:8:20:Infinity":4,"f:20:27:20:43":1,"s:20:53:20:78":5,"s:23:8:25:Infinity":6,"b:23:20:23:32:23:32:23:Infinity":0,"f:24:5:24:13":2,"s:24:24:24:81":7,"b:24:43:24:77:24:77:24:81":1,"f:25:5:25:13":3,"s:25:24:25:85":8,"b:27:2:27:Infinity:undefined:undefined:undefined:undefined":2,"s:27:2:27:Infinity":9,"s:27:15:27:Infinity":10,"b:28:2:28:Infinity:undefined:undefined:undefined:undefined":3,"s:28:2:28:Infinity":11,"s:28:13:28:Infinity":12,"s:30:2:43:Infinity":13,"f:35:8:35:19":4,"s:35:25:35:Infinity":14,"f:40:16:40:21":5,"s:41:8:41:Infinity":15},"fnNames":{}}}
,"D:\\Projects\\homework\\shop-app\\src\\pages\\ProductPage.tsx": {"path":"D:\\Projects\\homework\\shop-app\\src\\pages\\ProductPage.tsx","statementMap":{"0":{"start":{"line":9,"column":10},"end":{"line":9,"column":null}},"1":{"start":{"line":10,"column":8},"end":{"line":10,"column":null}},"2":{"start":{"line":12,"column":34},"end":{"line":14,"column":null}},"3":{"start":{"line":16,"column":2},"end":{"line":16,"column":null}},"4":{"start":{"line":16,"column":15},"end":{"line":16,"column":null}},"5":{"start":{"line":17,"column":2},"end":{"line":17,"column":null}},"6":{"start":{"line":17,"column":13},"end":{"line":17,"column":null}},"7":{"start":{"line":18,"column":2},"end":{"line":18,"column":null}},"8":{"start":{"line":18,"column":16},"end":{"line":18,"column":null}},"9":{"start":{"line":20,"column":2},"end":{"line":29,"column":null}},"10":{"start":{"line":26,"column":29},"end":{"line":26,"column":59}}},"fnMap":{"0":{"name":"ProductPage","decl":{"start":{"line":7,"column":24},"end":{"line":7,"column":38}},"loc":{"start":{"line":7,"column":38},"end":{"line":31,"column":null}},"line":7},"1":{"name":"(anonymous_1)","decl":{"start":{"line":26,"column":14},"end":{"line":26,"column":29}},"loc":{"start":{"line":26,"column":29},"end":{"line":26,"column":59}},"line":26}},"branchMap":{"0":{"loc":{"start":{"line":16,"column":2},"end":{"line":16,"column":null}},"type":"if","locations":[{"start":{"line":16,"column":2},"end":{"line":16,"column":null}},{"start":{},"end":{}}],"line":16},"1":{"loc":{"start":{"line":17,"column":2},"end":{"line":17,"column":null}},"type":"if","locations":[{"start":{"line":17,"column":2},"end":{"line":17,"column":null}},{"start":{},"end":{}}],"line":17},"2":{"loc":{"start":{"line":18,"column":2},"end":{"line":18,"column":null}},"type":"if","locations":[{"start":{"line":18,"column":2},"end":{"line":18,"column":null}},{"start":{},"end":{}}],"line":18}},"s":{"0":8,"1":8,"2":8,"3":8,"4":3,"5":5,"6":5,"7":4,"8":3,"9":1,"10":1},"f":{"0":8,"1":1},"b":{"0":[3,5],"1":[1,4],"2":[3,1]},"meta":{"lastBranch":3,"lastFunction":2,"lastStatement":11,"seen":{"f:7:24:7:38":0,"s:9:10:9:Infinity":0,"s:10:8:10:Infinity":1,"s:12:34:14:Infinity":2,"b:16:2:16:Infinity:undefined:undefined:undefined:undefined":0,"s:16:2:16:Infinity":3,"s:16:15:16:Infinity":4,"b:17:2:17:Infinity:undefined:undefined:undefined:undefined":1,"s:17:2:17:Infinity":5,"s:17:13:17:Infinity":6,"b:18:2:18:Infinity:undefined:undefined:undefined:undefined":2,"s:18:2:18:Infinity":7,"s:18:16:18:Infinity":8,"s:20:2:29:Infinity":9,"f:26:14:26:29":1,"s:26:29:26:59":10},"fnNames":{}}}
,"D:\\Projects\\homework\\shop-app\\src\\store\\cartSlice.ts": {"path":"D:\\Projects\\homework\\shop-app\\src\\store\\cartSlice.ts","statementMap":{"0":{"start":{"line":16,"column":32},"end":{"line":18,"column":null}},"1":{"start":{"line":20,"column":6},"end":{"line":38,"column":null}},"2":{"start":{"line":26,"column":23},"end":{"line":26,"column":null}},"3":{"start":{"line":26,"column":50},"end":{"line":26,"column":79}},"4":{"start":{"line":27,"column":6},"end":{"line":32,"column":null}},"5":{"start":{"line":29,"column":8},"end":{"line":29,"column":null}},"6":{"start":{"line":31,"column":8},"end":{"line":31,"column":null}},"7":{"start":{"line":35,"column":6},"end":{"line":35,"column":null}},"8":{"start":{"line":35,"column":49},"end":{"line":35,"column":75}},"9":{"start":{"line":40,"column":45},"end":{"line":40,"column":null}}},"fnMap":{"0":{"name":"addToCart","decl":{"start":{"line":25,"column":4},"end":{"line":25,"column":14}},"loc":{"start":{"line":25,"column":72},"end":{"line":33,"column":null}},"line":25},"1":{"name":"(anonymous_1)","decl":{"start":{"line":26,"column":35},"end":{"line":26,"column":41}},"loc":{"start":{"line":26,"column":50},"end":{"line":26,"column":79}},"line":26},"2":{"name":"removeFromCart","decl":{"start":{"line":34,"column":4},"end":{"line":34,"column":19}},"loc":{"start":{"line":34,"column":57},"end":{"line":36,"column":null}},"line":34},"3":{"name":"(anonymous_3)","decl":{"start":{"line":35,"column":32},"end":{"line":35,"column":40}},"loc":{"start":{"line":35,"column":49},"end":{"line":35,"column":75}},"line":35}},"branchMap":{"0":{"loc":{"start":{"line":27,"column":6},"end":{"line":32,"column":null}},"type":"if","locations":[{"start":{"line":27,"column":6},"end":{"line":32,"column":null}},{"start":{"line":30,"column":13},"end":{"line":32,"column":null}}],"line":27}},"s":{"0":5,"1":5,"2":3,"3":0,"4":3,"5":0,"6":3,"7":1,"8":1,"9":5},"f":{"0":3,"1":0,"2":1,"3":1},"b":{"0":[0,3]},"meta":{"lastBranch":1,"lastFunction":4,"lastStatement":10,"seen":{"s:16:32:18:Infinity":0,"s:20:6:38:Infinity":1,"f:25:4:25:14":0,"s:26:23:26:Infinity":2,"f:26:35:26:41":1,"s:26:50:26:79":3,"b:27:6:32:Infinity:30:13:32:Infinity":0,"s:27:6:32:Infinity":4,"s:29:8:29:Infinity":5,"s:31:8:31:Infinity":6,"f:34:4:34:19":2,"s:35:6:35:Infinity":7,"f:35:32:35:40":3,"s:35:49:35:75":8,"s:40:45:40:Infinity":9},"fnNames":{}}}
,"D:\\Projects\\homework\\shop-app\\src\\store\\uiSlice.ts": {"path":"D:\\Projects\\homework\\shop-app\\src\\store\\uiSlice.ts","statementMap":{"0":{"start":{"line":8,"column":30},"end":{"line":10,"column":null}},"1":{"start":{"line":12,"column":6},"end":{"line":20,"column":null}},"2":{"start":{"line":17,"column":6},"end":{"line":17,"column":null}},"3":{"start":{"line":22,"column":31},"end":{"line":22,"column":null}}},"fnMap":{"0":{"name":"setCategory","decl":{"start":{"line":16,"column":4},"end":{"line":16,"column":16}},"loc":{"start":{"line":16,"column":61},"end":{"line":18,"column":null}},"line":16}},"branchMap":{},"s":{"0":5,"1":5,"2":1,"3":5},"f":{"0":1},"b":{},"meta":{"lastBranch":0,"lastFunction":1,"lastStatement":4,"seen":{"s:8:30:10:Infinity":0,"s:12:6:20:Infinity":1,"f:16:4:16:16":0,"s:17:6:17:Infinity":2,"s:22:31:22:Infinity":3},"fnNames":{}}}
}
